<?xml version="1.0" encoding="UTF-8"?>
<!-- Generated by org.testng.reporters.JUnitXMLReporter -->
<testsuite ignored="0" hostname="DESKTOP-R932TQO" failures="1" tests="1" name="Validate Title in the page " time="12.709" errors="0" timestamp="2021-03-12T00:12:53 PST">
  <testcase classname="academyTest.ValidateTitle" name="validateAppTitle" time="0.083">
    <failure type="java.lang.AssertionError" message="expected [Featured Cour123ses] but found [Featured Courses]">
      <![CDATA[java.lang.AssertionError: expected [Featured Cour123ses] but found [Featured Courses]
at academyTest.ValidateTitle.validateAppTitle(ValidateTitle.java:42)
at java.base/java.util.ArrayList.forEach(ArrayList.java:1511)
at java.base/java.util.concurrent.FutureTask.run(FutureTask.java:264)
at java.base/java.util.concurrent.ThreadPoolExecutor.runWorker(ThreadPoolExecutor.java:1130)
at java.base/java.util.concurrent.ThreadPoolExecutor$Worker.run(ThreadPoolExecutor.java:630)
at java.base/java.lang.Thread.run(Thread.java:832)
... Removed 23 stack frames]]>
    </failure>
  </testcase> <!-- validateAppTitle -->
</testsuite> <!-- Validate Title in the page  -->
